<?xml version="1.0" encoding="UTF-8"?>
<coverage generated="1734885458765" clover="3.2.0">
  <project timestamp="1734885458765" name="All files">
    <metrics statements="22" coveredstatements="22" conditionals="4" coveredconditionals="4" methods="6" coveredmethods="6" elements="32" coveredelements="32" complexity="0" loc="22" ncloc="22" packages="1" files="3" classes="3"/>
    <file name="dailyquote.js" path="C:\Users\ceyda\Java-projekte\soulcare_project\soulcare\frontend\src\pages\dailyquote.js">
      <metrics statements="16" coveredstatements="16" conditionals="2" coveredconditionals="2" methods="4" coveredmethods="4"/>
      <line num="8" count="1" type="stmt"/>
      <line num="9" count="4" type="stmt"/>
      <line num="10" count="4" type="stmt"/>
      <line num="11" count="4" type="stmt"/>
      <line num="13" count="4" type="stmt"/>
      <line num="44" count="4" type="stmt"/>
      <line num="71" count="4" type="stmt"/>
      <line num="72" count="2" type="stmt"/>
      <line num="73" count="2" type="stmt"/>
      <line num="74" count="151" type="stmt"/>
      <line num="75" count="2" type="stmt"/>
      <line num="76" count="2" type="stmt"/>
      <line num="79" count="4" type="cond" truecount="2" falsecount="0"/>
      <line num="80" count="2" type="stmt"/>
      <line num="90" count="2" type="stmt"/>
      <line num="104" count="3" type="stmt"/>
    </file>
    <file name="footer.js" path="C:\Users\ceyda\Java-projekte\soulcare_project\soulcare\frontend\src\pages\footer.js">
      <metrics statements="2" coveredstatements="2" conditionals="0" coveredconditionals="0" methods="1" coveredmethods="1"/>
      <line num="5" count="1" type="stmt"/>
      <line num="6" count="2" type="stmt"/>
    </file>
    <file name="navbar.js" path="C:\Users\ceyda\Java-projekte\soulcare_project\soulcare\frontend\src\pages\navbar.js">
      <metrics statements="4" coveredstatements="4" conditionals="2" coveredconditionals="2" methods="1" coveredmethods="1"/>
      <line num="6" count="1" type="stmt"/>
      <line num="7" count="2" type="stmt"/>
      <line num="8" count="2" type="stmt"/>
      <line num="10" count="2" type="stmt"/>
    </file>
  </project>
</coverage>
