{"C:\\Users\\ceyda\\Java-projekte\\soulcare_project\\soulcare\\frontend\\src\\pages\\dailyquote.js": {"path":"C:\\Users\\ceyda\\Java-projekte\\soulcare_project\\soulcare\\frontend\\src\\pages\\dailyquote.js","statementMap":{"0":{"start":{"line":8,"column":19},"end":{"line":120,"column":1}},"1":{"start":{"line":9,"column":30},"end":{"line":9,"column":39}},"2":{"start":{"line":10,"column":28},"end":{"line":10,"column":40}},"3":{"start":{"line":11,"column":26},"end":{"line":11,"column":38}},"4":{"start":{"line":13,"column":17},"end":{"line":42,"column":3}},"5":{"start":{"line":44,"column":20},"end":{"line":69,"column":3}},"6":{"start":{"line":71,"column":2},"end":{"line":77,"column":9}},"7":{"start":{"line":72,"column":18},"end":{"line":72,"column":38}},"8":{"start":{"line":73,"column":24},"end":{"line":73,"column":53}},"9":{"start":{"line":74,"column":25},"end":{"line":74,"column":78}},"10":{"start":{"line":74,"column":46},"end":{"line":74,"column":65}},"11":{"start":{"line":75,"column":4},"end":{"line":75,"column":26}},"12":{"start":{"line":76,"column":4},"end":{"line":76,"column":26}},"13":{"start":{"line":79,"column":2},"end":{"line":88,"column":3}},"14":{"start":{"line":80,"column":4},"end":{"line":87,"column":6}},"15":{"start":{"line":90,"column":2},"end":{"line":119,"column":4}},"16":{"start":{"line":104,"column":16},"end":{"line":104,"column":69}}},"fnMap":{"0":{"name":"(anonymous_0)","decl":{"start":{"line":8,"column":19},"end":{"line":8,"column":20}},"loc":{"start":{"line":8,"column":25},"end":{"line":120,"column":1}},"line":8},"1":{"name":"(anonymous_1)","decl":{"start":{"line":71,"column":12},"end":{"line":71,"column":13}},"loc":{"start":{"line":71,"column":18},"end":{"line":77,"column":3}},"line":71},"2":{"name":"(anonymous_2)","decl":{"start":{"line":74,"column":40},"end":{"line":74,"column":41}},"loc":{"start":{"line":74,"column":46},"end":{"line":74,"column":65}},"line":74},"3":{"name":"(anonymous_3)","decl":{"start":{"line":103,"column":24},"end":{"line":103,"column":25}},"loc":{"start":{"line":104,"column":16},"end":{"line":104,"column":69}},"line":104}},"branchMap":{"0":{"loc":{"start":{"line":79,"column":2},"end":{"line":88,"column":3}},"type":"if","locations":[{"start":{"line":79,"column":2},"end":{"line":88,"column":3}},{"start":{},"end":{}}],"line":79}},"s":{"0":1,"1":4,"2":4,"3":4,"4":4,"5":4,"6":4,"7":2,"8":2,"9":2,"10":151,"11":2,"12":2,"13":4,"14":2,"15":2,"16":3},"f":{"0":4,"1":2,"2":151,"3":3},"b":{"0":[2,2]},"_coverageSchema":"1a1c01bbd47fc00a2c39e90264f33305004495a9","hash":"b2bb7e386d84329e900eecb8c7b7e8a850fc4402"}
,"C:\\Users\\ceyda\\Java-projekte\\soulcare_project\\soulcare\\frontend\\src\\pages\\footer.js": {"path":"C:\\Users\\ceyda\\Java-projekte\\soulcare_project\\soulcare\\frontend\\src\\pages\\footer.js","statementMap":{"0":{"start":{"line":5,"column":15},"end":{"line":23,"column":1}},"1":{"start":{"line":6,"column":4},"end":{"line":22,"column":6}}},"fnMap":{"0":{"name":"(anonymous_0)","decl":{"start":{"line":5,"column":15},"end":{"line":5,"column":16}},"loc":{"start":{"line":5,"column":21},"end":{"line":23,"column":1}},"line":5}},"branchMap":{},"s":{"0":1,"1":2},"f":{"0":2},"b":{},"_coverageSchema":"1a1c01bbd47fc00a2c39e90264f33305004495a9","hash":"3415887356f9a54a5f0f4b8ee18484ea13b0a8f4"}
,"C:\\Users\\ceyda\\Java-projekte\\soulcare_project\\soulcare\\frontend\\src\\pages\\navbar.js": {"path":"C:\\Users\\ceyda\\Java-projekte\\soulcare_project\\soulcare\\frontend\\src\\pages\\navbar.js","statementMap":{"0":{"start":{"line":6,"column":15},"end":{"line":29,"column":1}},"1":{"start":{"line":7,"column":40},"end":{"line":7,"column":49}},"2":{"start":{"line":8,"column":17},"end":{"line":8,"column":28}},"3":{"start":{"line":10,"column":4},"end":{"line":28,"column":6}}},"fnMap":{"0":{"name":"(anonymous_0)","decl":{"start":{"line":6,"column":15},"end":{"line":6,"column":16}},"loc":{"start":{"line":6,"column":21},"end":{"line":29,"column":1}},"line":6}},"branchMap":{"0":{"loc":{"start":{"line":19,"column":17},"end":{"line":25,"column":17}},"type":"binary-expr","locations":[{"start":{"line":19,"column":17},"end":{"line":19,"column":32}},{"start":{"line":20,"column":20},"end":{"line":24,"column":25}}],"line":19}},"s":{"0":1,"1":2,"2":2,"3":2},"f":{"0":2},"b":{"0":[2,2]},"_coverageSchema":"1a1c01bbd47fc00a2c39e90264f33305004495a9","hash":"342fb0a9d37b429a68929c2ba26665ec038670f0"}
}
