TN:
SF:src\pages\dailyquote.js
FN:8,(anonymous_0)
FN:71,(anonymous_1)
FN:74,(anonymous_2)
FN:103,(anonymous_3)
FNF:4
FNH:4
FNDA:4,(anonymous_0)
FNDA:2,(anonymous_1)
FNDA:151,(anonymous_2)
FNDA:3,(anonymous_3)
DA:8,1
DA:9,4
DA:10,4
DA:11,4
DA:13,4
DA:44,4
DA:71,4
DA:72,2
DA:73,2
DA:74,151
DA:75,2
DA:76,2
DA:79,4
DA:80,2
DA:90,2
DA:104,3
LF:16
LH:16
BRDA:79,0,0,2
BRDA:79,0,1,2
BRF:2
BRH:2
end_of_record
TN:
SF:src\pages\footer.js
FN:5,(anonymous_0)
FNF:1
FNH:1
FNDA:2,(anonymous_0)
DA:5,1
DA:6,2
LF:2
LH:2
BRF:0
BRH:0
end_of_record
TN:
SF:src\pages\navbar.js
FN:6,(anonymous_0)
FNF:1
FNH:1
FNDA:2,(anonymous_0)
DA:6,1
DA:7,2
DA:8,2
DA:10,2
LF:4
LH:4
BRDA:19,0,0,2
BRDA:19,0,1,2
BRF:2
BRH:2
end_of_record
