{"C:\\Users\\ceyda\\Java-projekte\\soulcare_project\\soulcare\\backend\\server.js": {"path":"C:\\Users\\ceyda\\Java-projekte\\soulcare_project\\soulcare\\backend\\server.js","statementMap":{"0":{"start":{"line":1,"column":16},"end":{"line":1,"column":34}},"1":{"start":{"line":2,"column":17},"end":{"line":2,"column":36}},"2":{"start":{"line":3,"column":13},"end":{"line":3,"column":28}},"3":{"start":{"line":4,"column":19},"end":{"line":4,"column":49}},"4":{"start":{"line":5,"column":22},"end":{"line":5,"column":55}},"5":{"start":{"line":6,"column":0},"end":{"line":6,"column":27}},"6":{"start":{"line":8,"column":0},"end":{"line":8,"column":49}},"7":{"start":{"line":10,"column":11},"end":{"line":10,"column":24}},"8":{"start":{"line":13,"column":0},"end":{"line":17,"column":1}},"9":{"start":{"line":14,"column":2},"end":{"line":14,"column":52}},"10":{"start":{"line":16,"column":2},"end":{"line":16,"column":43}},"11":{"start":{"line":19,"column":12},"end":{"line":19,"column":21}},"12":{"start":{"line":21,"column":0},"end":{"line":21,"column":16}},"13":{"start":{"line":22,"column":0},"end":{"line":22,"column":24}},"14":{"start":{"line":25,"column":0},"end":{"line":32,"column":3}},"15":{"start":{"line":29,"column":2},"end":{"line":29,"column":35}},"16":{"start":{"line":31,"column":2},"end":{"line":31,"column":59}},"17":{"start":{"line":35,"column":0},"end":{"line":35,"column":34}},"18":{"start":{"line":36,"column":0},"end":{"line":36,"column":39}},"19":{"start":{"line":39,"column":13},"end":{"line":39,"column":37}},"20":{"start":{"line":40,"column":0},"end":{"line":42,"column":3}},"21":{"start":{"line":41,"column":2},"end":{"line":41,"column":47}},"22":{"start":{"line":43,"column":0},"end":{"line":43,"column":21}}},"fnMap":{"0":{"name":"(anonymous_0)","decl":{"start":{"line":28,"column":8},"end":{"line":28,"column":9}},"loc":{"start":{"line":28,"column":14},"end":{"line":30,"column":1}},"line":28},"1":{"name":"(anonymous_1)","decl":{"start":{"line":30,"column":9},"end":{"line":30,"column":10}},"loc":{"start":{"line":30,"column":16},"end":{"line":32,"column":1}},"line":30},"2":{"name":"(anonymous_2)","decl":{"start":{"line":40,"column":17},"end":{"line":40,"column":18}},"loc":{"start":{"line":40,"column":23},"end":{"line":42,"column":1}},"line":40}},"branchMap":{"0":{"loc":{"start":{"line":13,"column":0},"end":{"line":17,"column":1}},"type":"if","locations":[{"start":{"line":13,"column":0},"end":{"line":17,"column":1}},{"start":{"line":15,"column":7},"end":{"line":17,"column":1}}],"line":13},"1":{"loc":{"start":{"line":39,"column":13},"end":{"line":39,"column":37}},"type":"binary-expr","locations":[{"start":{"line":39,"column":13},"end":{"line":39,"column":29}},{"start":{"line":39,"column":33},"end":{"line":39,"column":37}}],"line":39}},"s":{"0":1,"1":1,"2":1,"3":1,"4":1,"5":1,"6":1,"7":1,"8":1,"9":0,"10":1,"11":1,"12":1,"13":1,"14":1,"15":1,"16":0,"17":1,"18":1,"19":1,"20":1,"21":1,"22":1},"f":{"0":1,"1":0,"2":1},"b":{"0":[0,1],"1":[1,1]},"_coverageSchema":"1a1c01bbd47fc00a2c39e90264f33305004495a9","hash":"6d684caefde31318349c3297738e3f424a79c375"}
,"C:\\Users\\ceyda\\Java-projekte\\soulcare_project\\soulcare\\backend\\models\\JournalEntry.js": {"path":"C:\\Users\\ceyda\\Java-projekte\\soulcare_project\\soulcare\\backend\\models\\JournalEntry.js","statementMap":{"0":{"start":{"line":1,"column":17},"end":{"line":1,"column":36}},"1":{"start":{"line":3,"column":22},"end":{"line":6,"column":2}},"2":{"start":{"line":8,"column":16},"end":{"line":8,"column":56}},"3":{"start":{"line":10,"column":0},"end":{"line":10,"column":25}}},"fnMap":{},"branchMap":{},"s":{"0":1,"1":1,"2":1,"3":1},"f":{},"b":{},"_coverageSchema":"1a1c01bbd47fc00a2c39e90264f33305004495a9","hash":"639c666a761c0c0e6259670383b715d4dcb0b49e"}
,"C:\\Users\\ceyda\\Java-projekte\\soulcare_project\\soulcare\\backend\\models\\User.js": {"path":"C:\\Users\\ceyda\\Java-projekte\\soulcare_project\\soulcare\\backend\\models\\User.js","statementMap":{"0":{"start":{"line":1,"column":17},"end":{"line":1,"column":36}},"1":{"start":{"line":3,"column":19},"end":{"line":6,"column":2}},"2":{"start":{"line":8,"column":0},"end":{"line":8,"column":52}}},"fnMap":{},"branchMap":{},"s":{"0":1,"1":1,"2":1},"f":{},"b":{},"_coverageSchema":"1a1c01bbd47fc00a2c39e90264f33305004495a9","hash":"8c114bff5759dff2ae1f2318548d6967e1fb2de0"}
,"C:\\Users\\ceyda\\Java-projekte\\soulcare_project\\soulcare\\backend\\routes\\journalRoutes.js": {"path":"C:\\Users\\ceyda\\Java-projekte\\soulcare_project\\soulcare\\backend\\routes\\journalRoutes.js","statementMap":{"0":{"start":{"line":1,"column":16},"end":{"line":1,"column":34}},"1":{"start":{"line":2,"column":16},"end":{"line":2,"column":49}},"2":{"start":{"line":3,"column":15},"end":{"line":3,"column":31}},"3":{"start":{"line":6,"column":0},"end":{"line":14,"column":3}},"4":{"start":{"line":7,"column":19},"end":{"line":7,"column":28}},"5":{"start":{"line":8,"column":2},"end":{"line":13,"column":3}},"6":{"start":{"line":9,"column":20},"end":{"line":9,"column":54}},"7":{"start":{"line":10,"column":4},"end":{"line":10,"column":22}},"8":{"start":{"line":12,"column":4},"end":{"line":12,"column":72}},"9":{"start":{"line":17,"column":0},"end":{"line":26,"column":3}},"10":{"start":{"line":18,"column":28},"end":{"line":18,"column":36}},"11":{"start":{"line":19,"column":2},"end":{"line":25,"column":3}},"12":{"start":{"line":20,"column":21},"end":{"line":20,"column":51}},"13":{"start":{"line":21,"column":4},"end":{"line":21,"column":26}},"14":{"start":{"line":22,"column":4},"end":{"line":22,"column":35}},"15":{"start":{"line":24,"column":4},"end":{"line":24,"column":74}},"16":{"start":{"line":27,"column":0},"end":{"line":35,"column":3}},"17":{"start":{"line":28,"column":2},"end":{"line":34,"column":3}},"18":{"start":{"line":29,"column":19},"end":{"line":29,"column":29}},"19":{"start":{"line":30,"column":4},"end":{"line":30,"column":40}},"20":{"start":{"line":31,"column":4},"end":{"line":31,"column":70}},"21":{"start":{"line":33,"column":4},"end":{"line":33,"column":72}},"22":{"start":{"line":38,"column":0},"end":{"line":38,"column":24}}},"fnMap":{"0":{"name":"(anonymous_0)","decl":{"start":{"line":6,"column":16},"end":{"line":6,"column":17}},"loc":{"start":{"line":6,"column":36},"end":{"line":14,"column":1}},"line":6},"1":{"name":"(anonymous_1)","decl":{"start":{"line":17,"column":17},"end":{"line":17,"column":18}},"loc":{"start":{"line":17,"column":37},"end":{"line":26,"column":1}},"line":17},"2":{"name":"(anonymous_2)","decl":{"start":{"line":27,"column":22},"end":{"line":27,"column":23}},"loc":{"start":{"line":27,"column":42},"end":{"line":35,"column":1}},"line":27}},"branchMap":{},"s":{"0":1,"1":1,"2":1,"3":1,"4":0,"5":0,"6":0,"7":0,"8":0,"9":1,"10":0,"11":0,"12":0,"13":0,"14":0,"15":0,"16":1,"17":0,"18":0,"19":0,"20":0,"21":0,"22":1},"f":{"0":0,"1":0,"2":0},"b":{},"_coverageSchema":"1a1c01bbd47fc00a2c39e90264f33305004495a9","hash":"e54edf56dda637cc048d7cff9b3865434f9474a0"}
,"C:\\Users\\ceyda\\Java-projekte\\soulcare_project\\soulcare\\backend\\routes\\userRoutes.js": {"path":"C:\\Users\\ceyda\\Java-projekte\\soulcare_project\\soulcare\\backend\\routes\\userRoutes.js","statementMap":{"0":{"start":{"line":1,"column":16},"end":{"line":1,"column":34}},"1":{"start":{"line":2,"column":15},"end":{"line":2,"column":32}},"2":{"start":{"line":3,"column":12},"end":{"line":3,"column":35}},"3":{"start":{"line":4,"column":13},"end":{"line":4,"column":38}},"4":{"start":{"line":6,"column":15},"end":{"line":6,"column":31}},"5":{"start":{"line":9,"column":0},"end":{"line":24,"column":3}},"6":{"start":{"line":10,"column":30},"end":{"line":10,"column":38}},"7":{"start":{"line":12,"column":2},"end":{"line":23,"column":3}},"8":{"start":{"line":14,"column":27},"end":{"line":14,"column":58}},"9":{"start":{"line":16,"column":20},"end":{"line":16,"column":65}},"10":{"start":{"line":18,"column":4},"end":{"line":18,"column":25}},"11":{"start":{"line":19,"column":4},"end":{"line":19,"column":70}},"12":{"start":{"line":21,"column":4},"end":{"line":21,"column":55}},"13":{"start":{"line":22,"column":4},"end":{"line":22,"column":63}},"14":{"start":{"line":27,"column":0},"end":{"line":46,"column":3}},"15":{"start":{"line":28,"column":30},"end":{"line":28,"column":38}},"16":{"start":{"line":29,"column":2},"end":{"line":45,"column":3}},"17":{"start":{"line":30,"column":17},"end":{"line":30,"column":46}},"18":{"start":{"line":31,"column":4},"end":{"line":33,"column":5}},"19":{"start":{"line":32,"column":6},"end":{"line":32,"column":76}},"20":{"start":{"line":35,"column":20},"end":{"line":35,"column":65}},"21":{"start":{"line":36,"column":4},"end":{"line":38,"column":5}},"22":{"start":{"line":37,"column":6},"end":{"line":37,"column":76}},"23":{"start":{"line":40,"column":18},"end":{"line":40,"column":82}},"24":{"start":{"line":41,"column":4},"end":{"line":41,"column":24}},"25":{"start":{"line":43,"column":4},"end":{"line":43,"column":41}},"26":{"start":{"line":44,"column":4},"end":{"line":44,"column":54}},"27":{"start":{"line":48,"column":0},"end":{"line":48,"column":24}}},"fnMap":{"0":{"name":"(anonymous_0)","decl":{"start":{"line":9,"column":25},"end":{"line":9,"column":26}},"loc":{"start":{"line":9,"column":45},"end":{"line":24,"column":1}},"line":9},"1":{"name":"(anonymous_1)","decl":{"start":{"line":27,"column":22},"end":{"line":27,"column":23}},"loc":{"start":{"line":27,"column":42},"end":{"line":46,"column":1}},"line":27}},"branchMap":{"0":{"loc":{"start":{"line":31,"column":4},"end":{"line":33,"column":5}},"type":"if","locations":[{"start":{"line":31,"column":4},"end":{"line":33,"column":5}},{"start":{},"end":{}}],"line":31},"1":{"loc":{"start":{"line":36,"column":4},"end":{"line":38,"column":5}},"type":"if","locations":[{"start":{"line":36,"column":4},"end":{"line":38,"column":5}},{"start":{},"end":{}}],"line":36}},"s":{"0":1,"1":1,"2":1,"3":1,"4":1,"5":1,"6":0,"7":0,"8":0,"9":0,"10":0,"11":0,"12":0,"13":0,"14":1,"15":1,"16":1,"17":1,"18":1,"19":0,"20":1,"21":1,"22":0,"23":1,"24":1,"25":0,"26":0,"27":1},"f":{"0":0,"1":1},"b":{"0":[0,1],"1":[0,1]},"_coverageSchema":"1a1c01bbd47fc00a2c39e90264f33305004495a9","hash":"a3728908f5cd2dc960e17ccdfb862f21b607ece7"}
}
